2021-05-01 19:54:51[app.js] info: "Backend up and running on PORT : 3000"
2021-05-01 19:54:51[app.js] info: "Signup Successfully."
2021-05-01 19:54:51[app.js] info: "Signup Successfully."
2021-05-01 19:54:51[app.js] error: "ER_DUP_ENTRY: Duplicate entry 'email@gmail.com' for key 'users.email'"
2021-05-01 19:54:51[app.js] info: "Database connection errror or Email already exits."
2021-05-01 19:54:51[app.js] warn: "No such user exist"
2021-05-01 19:54:51[app.js] info: "No such user exist"
2021-05-01 19:54:51[app.js] info: "login successfully"
2021-05-01 19:54:51[app.js] info: "login successfully"
2021-05-01 19:54:51[app.js] info: "user deleted successfully"
2021-05-01 19:54:51[app.js] info: "user deleted successfully"
2021-05-01 19:55:05[app.js] info: "Backend up and running on PORT : 3000"
2021-05-01 19:56:33[app.js] info: "login successfully"
2021-05-01 19:56:41[app.js] info: "updated successfully"
2021-05-01 19:56:50[app.js] info: "updated successfully"
2021-05-01 19:57:57[app.js] info: "Backend up and running on PORT : 3000"
2021-05-01 19:58:07[app.js] info: "Backend up and running on PORT : 3000"
2021-05-01 19:58:16[app.js] info: "Backend up and running on PORT : 3000"
2021-05-01 19:58:31[app.js] info: "Backend up and running on PORT : 3000"
2021-05-01 19:58:52[app.js] info: "Backend up and running on PORT : 3000"
2021-05-01 19:58:56[app.js] info: "Backend up and running on PORT : 3000"
2021-05-01 19:58:58[app.js] info: "Backend up and running on PORT : 3000"
2021-05-01 19:59:02[app.js] info: "Backend up and running on PORT : 3000"
2021-05-01 19:59:03[app.js] info: "Backend up and running on PORT : 3000"
2021-05-01 19:59:06[app.js] info: "Backend up and running on PORT : 3000"
2021-05-01 19:59:10[app.js] info: "Backend up and running on PORT : 3000"
2021-05-01 19:59:13[app.js] info: "Backend up and running on PORT : 3000"
2021-05-01 19:59:16[app.js] info: "Backend up and running on PORT : 3000"
2021-05-01 19:59:17[app.js] info: "Backend up and running on PORT : 3000"
2021-05-01 19:59:23[app.js] info: "Backend up and running on PORT : 3000"
