2021-05-01 20:07:22[app.js] info: "Backend up and running on PORT : 3000"
2021-05-01 20:07:30[app.js] warn: "Invalid email or password or role"
2021-05-01 20:07:36[app.js] info: "login successfully"
2021-05-01 20:08:13[app.js] info: "updated successfully"
2021-05-01 20:08:39[app.js] info: "Backend up and running on PORT : 3000"
2021-05-01 20:08:39[app.js] info: "Signup Successfully."
2021-05-01 20:08:39[app.js] info: "Signup Successfully."
2021-05-01 20:08:39[app.js] error: "ER_DUP_ENTRY: Duplicate entry 'email@gmail.com' for key 'users.email'"
2021-05-01 20:08:39[app.js] info: "Database connection errror or Email already exits."
2021-05-01 20:08:39[app.js] warn: "No such user exist"
2021-05-01 20:08:39[app.js] info: "No such user exist"
2021-05-01 20:08:40[app.js] info: "login successfully"
2021-05-01 20:08:40[app.js] info: "login successfully"
2021-05-01 20:08:40[app.js] info: "user deleted successfully"
2021-05-01 20:08:40[app.js] info: "user deleted successfully"
2021-05-01 20:14:38[app.js] info: "Signup Successfully."
2021-05-01 20:14:38[app.js] info: "Signup Successfully."
2021-05-01 20:14:38[app.js] error: "ER_DUP_ENTRY: Duplicate entry 'email@gmail.com' for key 'users.email'"
2021-05-01 20:14:38[app.js] info: "Database connection errror or Email already exits."
2021-05-01 20:14:38[app.js] warn: "No such user exist"
2021-05-01 20:14:38[app.js] info: "No such user exist"
2021-05-01 20:14:38[app.js] info: "login successfully"
2021-05-01 20:14:38[app.js] info: "login successfully"
2021-05-01 20:14:38[app.js] info: "user deleted successfully"
2021-05-01 20:14:38[app.js] info: "user deleted successfully"
2021-05-01 20:16:39[app.js] info: "Signup Successfully."
2021-05-01 20:16:39[app.js] info: "Signup Successfully."
2021-05-01 20:16:39[app.js] error: "ER_DUP_ENTRY: Duplicate entry 'email@gmail.com' for key 'users.email'"
2021-05-01 20:16:39[app.js] info: "Database connection errror or Email already exits."
2021-05-01 20:16:39[app.js] warn: "No such user exist"
2021-05-01 20:16:39[app.js] info: "No such user exist"
2021-05-01 20:16:39[app.js] info: "login successfully"
2021-05-01 20:16:39[app.js] info: "login successfully"
2021-05-01 20:16:39[app.js] info: "user deleted successfully"
2021-05-01 20:16:39[app.js] info: "user deleted successfully"
2021-05-01 20:18:20[app.js] info: "Signup Successfully."
2021-05-01 20:18:20[app.js] info: "Signup Successfully."
2021-05-01 20:18:20[app.js] error: "ER_DUP_ENTRY: Duplicate entry 'email@gmail.com' for key 'users.email'"
2021-05-01 20:18:20[app.js] info: "Database connection errror or Email already exits."
2021-05-01 20:18:20[app.js] warn: "No such user exist"
2021-05-01 20:18:20[app.js] info: "No such user exist"
2021-05-01 20:18:21[app.js] info: "login successfully"
2021-05-01 20:18:21[app.js] info: "login successfully"
2021-05-01 20:18:21[app.js] info: "user deleted successfully"
2021-05-01 20:18:21[app.js] info: "user deleted successfully"
2021-05-01 20:20:29[app.js] info: "Signup Successfully."
2021-05-01 20:20:29[app.js] info: "Signup Successfully."
2021-05-01 20:20:29[app.js] error: "ER_DUP_ENTRY: Duplicate entry 'email@gmail.com' for key 'users.email'"
2021-05-01 20:20:29[app.js] info: "Database connection errror or Email already exits."
2021-05-01 20:20:29[app.js] warn: "No such user exist"
2021-05-01 20:20:29[app.js] info: "No such user exist"
2021-05-01 20:20:29[app.js] info: "login successfully"
2021-05-01 20:20:29[app.js] info: "login successfully"
2021-05-01 20:20:29[app.js] info: "user deleted successfully"
2021-05-01 20:20:29[app.js] verbose: "user deleted successfully"
2021-05-01 20:20:44[app.js] info: "Signup Successfully."
2021-05-01 20:20:44[app.js] info: "Signup Successfully."
2021-05-01 20:20:44[app.js] error: "ER_DUP_ENTRY: Duplicate entry 'email@gmail.com' for key 'users.email'"
2021-05-01 20:20:44[app.js] info: "Database connection errror or Email already exits."
2021-05-01 20:20:44[app.js] warn: "No such user exist"
2021-05-01 20:20:44[app.js] info: "No such user exist"
2021-05-01 20:20:44[app.js] info: "login successfully"
2021-05-01 20:20:44[app.js] info: "login successfully"
2021-05-01 20:20:44[app.js] info: "user deleted successfully"
2021-05-01 20:20:44[app.js] error: "user deleted successfully"
2021-05-01 20:20:54[app.js] info: "Signup Successfully."
2021-05-01 20:20:54[app.js] info: "Signup Successfully."
2021-05-01 20:20:54[app.js] error: "ER_DUP_ENTRY: Duplicate entry 'email@gmail.com' for key 'users.email'"
2021-05-01 20:20:54[app.js] info: "Database connection errror or Email already exits."
2021-05-01 20:20:54[app.js] warn: "No such user exist"
2021-05-01 20:20:54[app.js] info: "No such user exist"
2021-05-01 20:20:54[app.js] info: "login successfully"
2021-05-01 20:20:54[app.js] info: "login successfully"
2021-05-01 20:20:54[app.js] info: "user deleted successfully"
2021-05-01 20:20:54[app.js] warn: "user deleted successfully"
2021-05-01 20:21:03[app.js] info: "Signup Successfully."
2021-05-01 20:21:03[app.js] info: "Signup Successfully."
2021-05-01 20:21:03[app.js] error: "ER_DUP_ENTRY: Duplicate entry 'email@gmail.com' for key 'users.email'"
2021-05-01 20:21:03[app.js] info: "Database connection errror or Email already exits."
2021-05-01 20:21:03[app.js] warn: "No such user exist"
2021-05-01 20:21:03[app.js] info: "No such user exist"
2021-05-01 20:21:03[app.js] info: "login successfully"
2021-05-01 20:21:03[app.js] info: "login successfully"
2021-05-01 20:21:03[app.js] info: "user deleted successfully"
2021-05-01 20:21:03[app.js] info: "user deleted successfully"
