2021-05-16 15:46:03[app.js] info: "Signup Successfully."
2021-05-16 15:46:03[app.js] info: "Signup Successfully."
2021-05-16 15:46:03[app.js] error: "ER_DUP_ENTRY: Duplicate entry 'email@gmail.com' for key 'user_doctor.email_UNIQUE'"
2021-05-16 15:46:03[app.js] info: "Database connection errror or Email already exits."
2021-05-16 15:46:03[app.js] warn: "No such user exist"
2021-05-16 15:46:03[app.js] info: "No such user exist"
2021-05-16 15:46:03[app.js] info: "login successfully"
2021-05-16 15:46:03[app.js] info: "login successfully"
2021-05-16 15:46:03[app.js] info: "user deleted successfully"
2021-05-16 15:46:03[app.js] info: "user deleted successfully"
2021-05-16 15:46:03[app.js] info: "Signup Successfully."
2021-05-16 15:46:03[app.js] info: "Signup Successfully."
2021-05-16 15:46:03[app.js] error: "ER_DUP_ENTRY: Duplicate entry 'email@gmail.com' for key 'user_patient.email_UNIQUE'"
2021-05-16 15:46:03[app.js] info: "Database connection errror or Email already exits."
2021-05-16 15:46:03[app.js] warn: "No such user exist"
2021-05-16 15:46:03[app.js] info: "No such user exist"
2021-05-16 15:46:03[app.js] info: "login successfully"
2021-05-16 15:46:03[app.js] info: "login successfully"
2021-05-16 15:46:03[app.js] info: "user deleted successfully"
2021-05-16 15:46:03[app.js] info: "user deleted successfully"
2021-05-16 15:47:51[app.js] info: "Signup Successfully."
2021-05-16 15:47:51[app.js] info: "Signup Successfully."
2021-05-16 15:47:51[app.js] error: "ER_DUP_ENTRY: Duplicate entry 'email@gmail.com' for key 'user_doctor.email_UNIQUE'"
2021-05-16 15:47:51[app.js] info: "Database connection errror or Email already exits."
2021-05-16 15:47:51[app.js] warn: "No such user exist"
2021-05-16 15:47:51[app.js] info: "No such user exist"
2021-05-16 15:47:51[app.js] info: "login successfully"
2021-05-16 15:47:51[app.js] info: "login successfully"
2021-05-16 15:47:51[app.js] info: "user deleted successfully"
2021-05-16 15:47:51[app.js] info: "user deleted successfully"
2021-05-16 15:47:51[app.js] info: "Signup Successfully."
2021-05-16 15:47:51[app.js] info: "Signup Successfully."
2021-05-16 15:47:51[app.js] error: "ER_DUP_ENTRY: Duplicate entry 'email@gmail.com' for key 'user_patient.email_UNIQUE'"
2021-05-16 15:47:51[app.js] info: "Database connection errror or Email already exits."
2021-05-16 15:47:51[app.js] warn: "No such user exist"
2021-05-16 15:47:51[app.js] info: "No such user exist"
2021-05-16 15:47:51[app.js] info: "login successfully"
2021-05-16 15:47:51[app.js] info: "login successfully"
2021-05-16 15:47:51[app.js] info: "user deleted successfully"
2021-05-16 15:47:51[app.js] info: "user deleted successfully"
