2021-05-01 22:15:55[app.js] info: "Signup Successfully."
2021-05-01 22:15:55[app.js] info: "Signup Successfully."
2021-05-01 22:15:55[app.js] error: "ER_DUP_ENTRY: Duplicate entry 'email@gmail.com' for key 'users.email'"
2021-05-01 22:15:55[app.js] info: "Database connection errror or Email already exits."
2021-05-01 22:15:55[app.js] warn: "No such user exist"
2021-05-01 22:15:55[app.js] info: "No such user exist"
2021-05-01 22:15:55[app.js] info: "login successfully"
2021-05-01 22:15:55[app.js] info: "login successfully"
2021-05-01 22:15:55[app.js] info: "user deleted successfully"
2021-05-01 22:15:55[app.js] info: "user deleted successfully"
2021-05-01 22:24:26[app.js] info: "Signup Successfully."
2021-05-01 22:24:26[app.js] info: "Signup Successfully."
2021-05-01 22:24:27[app.js] error: "ER_DUP_ENTRY: Duplicate entry 'email@gmail.com' for key 'users.email'"
2021-05-01 22:24:27[app.js] info: "Database connection errror or Email already exits."
2021-05-01 22:24:27[app.js] warn: "No such user exist"
2021-05-01 22:24:27[app.js] info: "No such user exist"
2021-05-01 22:24:27[app.js] info: "login successfully"
2021-05-01 22:24:27[app.js] info: "login successfully"
2021-05-01 22:24:27[app.js] info: "user deleted successfully"
2021-05-01 22:24:27[app.js] info: "user deleted successfully"
