2021-05-15 13:08:37[app.js] error: "ER_DUP_ENTRY: Duplicate entry 'email@gmail.com' for key 'user_patient.email_UNIQUE'"
2021-05-15 13:08:37[app.js] error: null
2021-05-15 13:10:14[app.js] error: "ER_DUP_ENTRY: Duplicate entry 'email@gmail.com' for key 'user_doctor.email_UNIQUE'"
2021-05-15 13:10:14[app.js] error: null
2021-05-15 13:10:41[app.js] warn: "No such user exist"
2021-05-15 13:10:41[app.js] info: "No such user exist"
2021-05-15 13:10:41[app.js] info: "login successfully"
2021-05-15 13:10:41[app.js] info: "login successfully"
2021-05-15 13:11:39[app.js] info: "Signup Successfully."
2021-05-15 13:11:39[app.js] info: "Signup Successfully."
2021-05-15 13:11:39[app.js] error: "ER_DUP_ENTRY: Duplicate entry 'email@gmail.com' for key 'user_doctor.email_UNIQUE'"
2021-05-15 13:11:39[app.js] info: "Database connection errror or Email already exits."
2021-05-15 13:11:39[app.js] warn: "No such user exist"
2021-05-15 13:11:39[app.js] info: "No such user exist"
2021-05-15 13:11:39[app.js] info: "login successfully"
2021-05-15 13:11:39[app.js] info: "login successfully"
2021-05-15 13:11:41[app.js] error: "ER_DUP_ENTRY: Duplicate entry 'email@gmail.com' for key 'user_doctor.email_UNIQUE'"
2021-05-15 13:11:41[app.js] error: null
2021-05-15 13:17:22[app.js] info: "Signup Successfully."
2021-05-15 13:17:22[app.js] info: "Signup Successfully."
2021-05-15 13:17:22[app.js] error: "ER_DUP_ENTRY: Duplicate entry 'email@gmail.com' for key 'user_doctor.email_UNIQUE'"
2021-05-15 13:17:22[app.js] info: "Database connection errror or Email already exits."
2021-05-15 13:17:22[app.js] warn: "No such user exist"
2021-05-15 13:17:22[app.js] info: "No such user exist"
2021-05-15 13:17:22[app.js] info: "login successfully"
2021-05-15 13:17:22[app.js] info: "login successfully"
2021-05-15 13:17:22[app.js] info: "user deleted successfully"
2021-05-15 13:17:22[app.js] info: "user deleted successfully"
2021-05-15 13:17:25[app.js] info: "Signup Successfully."
2021-05-15 13:17:25[app.js] info: "Signup Successfully."
2021-05-15 13:17:25[app.js] error: "ER_DUP_ENTRY: Duplicate entry 'email@gmail.com' for key 'user_doctor.email_UNIQUE'"
2021-05-15 13:17:25[app.js] info: "Database connection errror or Email already exits."
2021-05-15 13:17:25[app.js] warn: "No such user exist"
2021-05-15 13:17:25[app.js] info: "No such user exist"
2021-05-15 13:17:25[app.js] info: "login successfully"
2021-05-15 13:17:25[app.js] info: "login successfully"
2021-05-15 13:17:25[app.js] info: "user deleted successfully"
2021-05-15 13:17:25[app.js] info: "user deleted successfully"
2021-05-15 13:17:28[app.js] info: "Signup Successfully."
2021-05-15 13:17:28[app.js] info: "Signup Successfully."
2021-05-15 13:17:28[app.js] error: "ER_DUP_ENTRY: Duplicate entry 'email@gmail.com' for key 'user_doctor.email_UNIQUE'"
2021-05-15 13:17:28[app.js] info: "Database connection errror or Email already exits."
2021-05-15 13:17:28[app.js] warn: "No such user exist"
2021-05-15 13:17:28[app.js] info: "No such user exist"
2021-05-15 13:17:28[app.js] info: "login successfully"
2021-05-15 13:17:28[app.js] info: "login successfully"
2021-05-15 13:17:28[app.js] info: "user deleted successfully"
2021-05-15 13:17:28[app.js] info: "user deleted successfully"
2021-05-15 13:17:30[app.js] info: "Signup Successfully."
2021-05-15 13:17:30[app.js] info: "Signup Successfully."
2021-05-15 13:17:30[app.js] error: "ER_DUP_ENTRY: Duplicate entry 'email@gmail.com' for key 'user_doctor.email_UNIQUE'"
2021-05-15 13:17:30[app.js] info: "Database connection errror or Email already exits."
2021-05-15 13:17:30[app.js] warn: "No such user exist"
2021-05-15 13:17:30[app.js] info: "No such user exist"
2021-05-15 13:17:30[app.js] info: "login successfully"
2021-05-15 13:17:30[app.js] info: "login successfully"
2021-05-15 13:17:30[app.js] info: "user deleted successfully"
2021-05-15 13:17:30[app.js] info: "user deleted successfully"
2021-05-15 13:21:20[app.js] info: "Signup Successfully."
2021-05-15 13:21:20[app.js] info: "Signup Successfully."
2021-05-15 13:21:20[app.js] error: "ER_DUP_ENTRY: Duplicate entry 'email@gmail.com' for key 'user_doctor.email_UNIQUE'"
2021-05-15 13:21:20[app.js] info: "Database connection errror or Email already exits."
2021-05-15 13:21:20[app.js] warn: "No such user exist"
2021-05-15 13:21:20[app.js] info: "No such user exist"
2021-05-15 13:21:20[app.js] info: "login successfully"
2021-05-15 13:21:20[app.js] info: "login successfully"
2021-05-15 13:21:20[app.js] info: "user deleted successfully"
2021-05-15 13:21:20[app.js] info: "user deleted successfully"
2021-05-15 13:21:20[app.js] error: "ER_DUP_ENTRY: Duplicate entry 'email@gmail.com' for key 'user_patient.email_UNIQUE'"
2021-05-15 13:21:20[app.js] error: null
2021-05-15 13:21:41[app.js] info: "Signup Successfully."
2021-05-15 13:21:41[app.js] info: "Signup Successfully."
2021-05-15 13:21:41[app.js] error: "ER_DUP_ENTRY: Duplicate entry 'email@gmail.com' for key 'user_doctor.email_UNIQUE'"
2021-05-15 13:21:41[app.js] info: "Database connection errror or Email already exits."
2021-05-15 13:21:41[app.js] warn: "No such user exist"
2021-05-15 13:21:41[app.js] info: "No such user exist"
2021-05-15 13:21:41[app.js] info: "login successfully"
2021-05-15 13:21:41[app.js] info: "login successfully"
2021-05-15 13:21:41[app.js] info: "user deleted successfully"
2021-05-15 13:21:41[app.js] info: "user deleted successfully"
2021-05-15 13:21:44[app.js] info: "Signup Successfully."
2021-05-15 13:21:44[app.js] info: "Signup Successfully."
2021-05-15 13:21:44[app.js] error: "ER_DUP_ENTRY: Duplicate entry 'email@gmail.com' for key 'user_doctor.email_UNIQUE'"
2021-05-15 13:21:44[app.js] info: "Database connection errror or Email already exits."
2021-05-15 13:21:44[app.js] warn: "No such user exist"
2021-05-15 13:21:44[app.js] info: "No such user exist"
2021-05-15 13:21:44[app.js] info: "login successfully"
2021-05-15 13:21:44[app.js] info: "login successfully"
2021-05-15 13:21:44[app.js] info: "user deleted successfully"
2021-05-15 13:21:44[app.js] info: "user deleted successfully"
2021-05-15 13:22:12[app.js] error: "ER_DUP_ENTRY: Duplicate entry 'email@gmail.com' for key 'user_patient.email_UNIQUE'"
2021-05-15 13:22:12[app.js] error: null
2021-05-15 13:22:51[app.js] warn: "No such user exist"
2021-05-15 13:22:51[app.js] info: "No such user exist"
2021-05-15 13:22:51[app.js] info: "login successfully"
2021-05-15 13:22:51[app.js] info: "login successfully"
2021-05-15 13:22:51[app.js] info: "user deleted successfully"
2021-05-15 13:22:51[app.js] info: "user deleted successfully"
2021-05-15 13:23:18[app.js] warn: "No such user exist"
2021-05-15 13:23:18[app.js] info: "No such user exist"
2021-05-15 13:23:18[app.js] warn: "No such user exist"
2021-05-15 13:23:18[app.js] error: null
2021-05-15 13:23:34[app.js] info: "Signup Successfully."
2021-05-15 13:23:34[app.js] info: "Signup Successfully."
2021-05-15 13:23:34[app.js] error: "ER_DUP_ENTRY: Duplicate entry 'email@gmail.com' for key 'user_patient.email_UNIQUE'"
2021-05-15 13:23:34[app.js] info: "Database connection errror or Email already exits."
2021-05-15 13:23:34[app.js] warn: "No such user exist"
2021-05-15 13:23:34[app.js] info: "No such user exist"
2021-05-15 13:23:34[app.js] info: "login successfully"
2021-05-15 13:23:34[app.js] info: "login successfully"
2021-05-15 13:23:34[app.js] info: "user deleted successfully"
2021-05-15 13:23:34[app.js] info: "user deleted successfully"
2021-05-15 13:23:37[app.js] info: "Signup Successfully."
2021-05-15 13:23:37[app.js] info: "Signup Successfully."
2021-05-15 13:23:37[app.js] error: "ER_DUP_ENTRY: Duplicate entry 'email@gmail.com' for key 'user_patient.email_UNIQUE'"
2021-05-15 13:23:37[app.js] info: "Database connection errror or Email already exits."
2021-05-15 13:23:37[app.js] warn: "No such user exist"
2021-05-15 13:23:37[app.js] info: "No such user exist"
2021-05-15 13:23:37[app.js] info: "login successfully"
2021-05-15 13:23:37[app.js] info: "login successfully"
2021-05-15 13:23:37[app.js] info: "user deleted successfully"
2021-05-15 13:23:37[app.js] info: "user deleted successfully"
2021-05-15 13:23:38[app.js] info: "Signup Successfully."
2021-05-15 13:23:38[app.js] info: "Signup Successfully."
2021-05-15 13:23:38[app.js] error: "ER_DUP_ENTRY: Duplicate entry 'email@gmail.com' for key 'user_patient.email_UNIQUE'"
2021-05-15 13:23:38[app.js] info: "Database connection errror or Email already exits."
2021-05-15 13:23:38[app.js] warn: "No such user exist"
2021-05-15 13:23:38[app.js] info: "No such user exist"
2021-05-15 13:23:38[app.js] info: "login successfully"
2021-05-15 13:23:38[app.js] info: "login successfully"
2021-05-15 13:23:38[app.js] info: "user deleted successfully"
2021-05-15 13:23:38[app.js] info: "user deleted successfully"
2021-05-15 13:23:50[app.js] info: "Signup Successfully."
2021-05-15 13:23:50[app.js] info: "Signup Successfully."
2021-05-15 13:23:50[app.js] error: "ER_DUP_ENTRY: Duplicate entry 'email@gmail.com' for key 'user_doctor.email_UNIQUE'"
2021-05-15 13:23:50[app.js] info: "Database connection errror or Email already exits."
2021-05-15 13:23:50[app.js] warn: "No such user exist"
2021-05-15 13:23:50[app.js] info: "No such user exist"
2021-05-15 13:23:50[app.js] info: "login successfully"
2021-05-15 13:23:50[app.js] info: "login successfully"
2021-05-15 13:23:50[app.js] info: "user deleted successfully"
2021-05-15 13:23:50[app.js] info: "user deleted successfully"
2021-05-15 13:23:50[app.js] info: "Signup Successfully."
2021-05-15 13:23:50[app.js] info: "Signup Successfully."
2021-05-15 13:23:50[app.js] error: "ER_DUP_ENTRY: Duplicate entry 'email@gmail.com' for key 'user_patient.email_UNIQUE'"
2021-05-15 13:23:50[app.js] info: "Database connection errror or Email already exits."
2021-05-15 13:23:50[app.js] warn: "No such user exist"
2021-05-15 13:23:50[app.js] info: "No such user exist"
2021-05-15 13:23:50[app.js] info: "login successfully"
2021-05-15 13:23:50[app.js] info: "login successfully"
2021-05-15 13:23:50[app.js] info: "user deleted successfully"
2021-05-15 13:23:50[app.js] info: "user deleted successfully"
2021-05-15 13:23:52[app.js] info: "Signup Successfully."
2021-05-15 13:23:52[app.js] info: "Signup Successfully."
2021-05-15 13:23:52[app.js] error: "ER_DUP_ENTRY: Duplicate entry 'email@gmail.com' for key 'user_doctor.email_UNIQUE'"
2021-05-15 13:23:52[app.js] info: "Database connection errror or Email already exits."
2021-05-15 13:23:52[app.js] warn: "No such user exist"
2021-05-15 13:23:52[app.js] info: "No such user exist"
2021-05-15 13:23:52[app.js] info: "login successfully"
2021-05-15 13:23:52[app.js] info: "login successfully"
2021-05-15 13:23:52[app.js] info: "user deleted successfully"
2021-05-15 13:23:52[app.js] info: "user deleted successfully"
2021-05-15 13:23:52[app.js] info: "Signup Successfully."
2021-05-15 13:23:52[app.js] info: "Signup Successfully."
2021-05-15 13:23:52[app.js] error: "ER_DUP_ENTRY: Duplicate entry 'email@gmail.com' for key 'user_patient.email_UNIQUE'"
2021-05-15 13:23:52[app.js] info: "Database connection errror or Email already exits."
2021-05-15 13:23:52[app.js] warn: "No such user exist"
2021-05-15 13:23:52[app.js] info: "No such user exist"
2021-05-15 13:23:52[app.js] info: "login successfully"
2021-05-15 13:23:52[app.js] info: "login successfully"
2021-05-15 13:23:52[app.js] info: "user deleted successfully"
2021-05-15 13:23:52[app.js] info: "user deleted successfully"
2021-05-15 13:23:54[app.js] info: "Signup Successfully."
2021-05-15 13:23:54[app.js] info: "Signup Successfully."
2021-05-15 13:23:54[app.js] error: "ER_DUP_ENTRY: Duplicate entry 'email@gmail.com' for key 'user_doctor.email_UNIQUE'"
2021-05-15 13:23:54[app.js] info: "Database connection errror or Email already exits."
2021-05-15 13:23:54[app.js] warn: "No such user exist"
2021-05-15 13:23:54[app.js] info: "No such user exist"
2021-05-15 13:23:54[app.js] info: "login successfully"
2021-05-15 13:23:54[app.js] info: "login successfully"
2021-05-15 13:23:54[app.js] info: "user deleted successfully"
2021-05-15 13:23:54[app.js] info: "user deleted successfully"
2021-05-15 13:23:54[app.js] info: "Signup Successfully."
2021-05-15 13:23:54[app.js] info: "Signup Successfully."
2021-05-15 13:23:54[app.js] error: "ER_DUP_ENTRY: Duplicate entry 'email@gmail.com' for key 'user_patient.email_UNIQUE'"
2021-05-15 13:23:54[app.js] info: "Database connection errror or Email already exits."
2021-05-15 13:23:54[app.js] warn: "No such user exist"
2021-05-15 13:23:54[app.js] info: "No such user exist"
2021-05-15 13:23:54[app.js] info: "login successfully"
2021-05-15 13:23:54[app.js] info: "login successfully"
2021-05-15 13:23:54[app.js] info: "user deleted successfully"
2021-05-15 13:23:54[app.js] info: "user deleted successfully"
2021-05-15 13:23:56[app.js] info: "Signup Successfully."
2021-05-15 13:23:56[app.js] info: "Signup Successfully."
2021-05-15 13:23:56[app.js] error: "ER_DUP_ENTRY: Duplicate entry 'email@gmail.com' for key 'user_doctor.email_UNIQUE'"
2021-05-15 13:23:56[app.js] info: "Database connection errror or Email already exits."
2021-05-15 13:23:56[app.js] warn: "No such user exist"
2021-05-15 13:23:56[app.js] info: "No such user exist"
2021-05-15 13:23:56[app.js] info: "login successfully"
2021-05-15 13:23:56[app.js] info: "login successfully"
2021-05-15 13:23:56[app.js] info: "user deleted successfully"
2021-05-15 13:23:56[app.js] info: "user deleted successfully"
2021-05-15 13:23:56[app.js] info: "Signup Successfully."
2021-05-15 13:23:56[app.js] info: "Signup Successfully."
2021-05-15 13:23:56[app.js] error: "ER_DUP_ENTRY: Duplicate entry 'email@gmail.com' for key 'user_patient.email_UNIQUE'"
2021-05-15 13:23:56[app.js] info: "Database connection errror or Email already exits."
2021-05-15 13:23:56[app.js] warn: "No such user exist"
2021-05-15 13:23:56[app.js] info: "No such user exist"
2021-05-15 13:23:56[app.js] info: "login successfully"
2021-05-15 13:23:56[app.js] info: "login successfully"
2021-05-15 13:23:56[app.js] info: "user deleted successfully"
2021-05-15 13:23:56[app.js] info: "user deleted successfully"
2021-05-15 13:24:39[app.js] info: "Signup Successfully."
2021-05-15 13:24:39[app.js] info: "Signup Successfully."
2021-05-15 13:24:39[app.js] error: "ER_DUP_ENTRY: Duplicate entry 'email@gmail.com' for key 'user_doctor.email_UNIQUE'"
2021-05-15 13:24:39[app.js] info: "Database connection errror or Email already exits."
2021-05-15 13:24:39[app.js] warn: "No such user exist"
2021-05-15 13:24:39[app.js] info: "No such user exist"
2021-05-15 13:24:39[app.js] info: "login successfully"
2021-05-15 13:24:39[app.js] info: "login successfully"
2021-05-15 13:24:39[app.js] info: "user deleted successfully"
2021-05-15 13:24:39[app.js] info: "user deleted successfully"
2021-05-15 13:24:39[app.js] info: "Signup Successfully."
2021-05-15 13:24:39[app.js] info: "Signup Successfully."
2021-05-15 13:24:39[app.js] error: "ER_DUP_ENTRY: Duplicate entry 'email@gmail.com' for key 'user_patient.email_UNIQUE'"
2021-05-15 13:24:39[app.js] info: "Database connection errror or Email already exits."
2021-05-15 13:24:39[app.js] warn: "No such user exist"
2021-05-15 13:24:39[app.js] info: "No such user exist"
2021-05-15 13:24:39[app.js] info: "login successfully"
2021-05-15 13:24:39[app.js] info: "login successfully"
2021-05-15 13:24:39[app.js] info: "user deleted successfully"
2021-05-15 13:24:39[app.js] info: "user deleted successfully"
2021-05-15 13:25:22[app.js] info: "Signup Successfully."
2021-05-15 13:25:22[app.js] info: "Signup Successfully."
2021-05-15 13:25:22[app.js] error: "ER_DUP_ENTRY: Duplicate entry 'email@gmail.com' for key 'user_doctor.email_UNIQUE'"
2021-05-15 13:25:22[app.js] info: "Database connection errror or Email already exits."
2021-05-15 13:25:22[app.js] warn: "No such user exist"
2021-05-15 13:25:22[app.js] info: "No such user exist"
2021-05-15 13:25:22[app.js] info: "login successfully"
2021-05-15 13:25:22[app.js] info: "login successfully"
2021-05-15 13:25:22[app.js] info: "user deleted successfully"
2021-05-15 13:25:22[app.js] info: "user deleted successfully"
2021-05-15 13:25:22[app.js] info: "Signup Successfully."
2021-05-15 13:25:22[app.js] info: "Signup Successfully."
2021-05-15 13:25:22[app.js] error: "ER_DUP_ENTRY: Duplicate entry 'email@gmail.com' for key 'user_patient.email_UNIQUE'"
2021-05-15 13:25:22[app.js] info: "Database connection errror or Email already exits."
2021-05-15 13:25:22[app.js] warn: "No such user exist"
2021-05-15 13:25:22[app.js] info: "No such user exist"
2021-05-15 13:25:22[app.js] info: "login successfully"
2021-05-15 13:25:22[app.js] info: "login successfully"
2021-05-15 13:25:22[app.js] info: "user deleted successfully"
2021-05-15 13:25:22[app.js] info: "user deleted successfully"
2021-05-15 13:27:01[app.js] info: "Signup Successfully."
2021-05-15 13:27:01[app.js] info: "Signup Successfully."
2021-05-15 13:27:01[app.js] error: "ER_DUP_ENTRY: Duplicate entry 'email@gmail.com' for key 'user_doctor.email_UNIQUE'"
2021-05-15 13:27:01[app.js] info: "Database connection errror or Email already exits."
2021-05-15 13:27:01[app.js] warn: "No such user exist"
2021-05-15 13:27:01[app.js] info: "No such user exist"
2021-05-15 13:27:01[app.js] info: "login successfully"
2021-05-15 13:27:01[app.js] info: "login successfully"
2021-05-15 13:27:01[app.js] info: "user deleted successfully"
2021-05-15 13:27:01[app.js] info: "user deleted successfully"
2021-05-15 13:27:01[app.js] info: "Signup Successfully."
2021-05-15 13:27:01[app.js] info: "Signup Successfully."
2021-05-15 13:27:01[app.js] error: "ER_DUP_ENTRY: Duplicate entry 'email@gmail.com' for key 'user_patient.email_UNIQUE'"
2021-05-15 13:27:01[app.js] info: "Database connection errror or Email already exits."
2021-05-15 13:27:01[app.js] warn: "No such user exist"
2021-05-15 13:27:01[app.js] info: "No such user exist"
2021-05-15 13:27:01[app.js] info: "login successfully"
2021-05-15 13:27:01[app.js] info: "login successfully"
2021-05-15 13:27:01[app.js] info: "user deleted successfully"
2021-05-15 13:27:01[app.js] info: "user deleted successfully"
2021-05-15 13:27:03[app.js] info: "Signup Successfully."
2021-05-15 13:27:03[app.js] info: "Signup Successfully."
2021-05-15 13:27:03[app.js] error: "ER_DUP_ENTRY: Duplicate entry 'email@gmail.com' for key 'user_doctor.email_UNIQUE'"
2021-05-15 13:27:03[app.js] info: "Database connection errror or Email already exits."
2021-05-15 13:27:03[app.js] warn: "No such user exist"
2021-05-15 13:27:03[app.js] info: "No such user exist"
2021-05-15 13:27:03[app.js] info: "login successfully"
2021-05-15 13:27:03[app.js] info: "login successfully"
2021-05-15 13:27:03[app.js] info: "user deleted successfully"
2021-05-15 13:27:03[app.js] info: "user deleted successfully"
2021-05-15 13:27:03[app.js] info: "Signup Successfully."
2021-05-15 13:27:03[app.js] info: "Signup Successfully."
2021-05-15 13:27:03[app.js] error: "ER_DUP_ENTRY: Duplicate entry 'email@gmail.com' for key 'user_patient.email_UNIQUE'"
2021-05-15 13:27:03[app.js] info: "Database connection errror or Email already exits."
2021-05-15 13:27:03[app.js] warn: "No such user exist"
2021-05-15 13:27:03[app.js] info: "No such user exist"
2021-05-15 13:27:03[app.js] info: "login successfully"
2021-05-15 13:27:03[app.js] info: "login successfully"
2021-05-15 13:27:03[app.js] info: "user deleted successfully"
2021-05-15 13:27:03[app.js] info: "user deleted successfully"
2021-05-15 13:27:05[app.js] info: "Signup Successfully."
2021-05-15 13:27:05[app.js] info: "Signup Successfully."
2021-05-15 13:27:05[app.js] error: "ER_DUP_ENTRY: Duplicate entry 'email@gmail.com' for key 'user_doctor.email_UNIQUE'"
2021-05-15 13:27:05[app.js] info: "Database connection errror or Email already exits."
2021-05-15 13:27:05[app.js] warn: "No such user exist"
2021-05-15 13:27:05[app.js] info: "No such user exist"
2021-05-15 13:27:05[app.js] info: "login successfully"
2021-05-15 13:27:05[app.js] info: "login successfully"
2021-05-15 13:27:05[app.js] info: "user deleted successfully"
2021-05-15 13:27:05[app.js] info: "user deleted successfully"
2021-05-15 13:27:05[app.js] info: "Signup Successfully."
2021-05-15 13:27:05[app.js] info: "Signup Successfully."
2021-05-15 13:27:05[app.js] error: "ER_DUP_ENTRY: Duplicate entry 'email@gmail.com' for key 'user_patient.email_UNIQUE'"
2021-05-15 13:27:05[app.js] info: "Database connection errror or Email already exits."
2021-05-15 13:27:05[app.js] warn: "No such user exist"
2021-05-15 13:27:05[app.js] info: "No such user exist"
2021-05-15 13:27:05[app.js] info: "login successfully"
2021-05-15 13:27:05[app.js] info: "login successfully"
2021-05-15 13:27:05[app.js] info: "user deleted successfully"
2021-05-15 13:27:05[app.js] info: "user deleted successfully"
2021-05-15 13:28:20[app.js] warn: "No such user exist"
2021-05-15 13:28:25[app.js] info: "login successfully"
2021-05-15 13:29:03[app.js] info: "login successfully"
2021-05-15 13:30:11[app.js] info: "Signup Successfully."
2021-05-15 13:30:11[app.js] info: "Signup Successfully."
2021-05-15 13:30:11[app.js] error: "ER_DUP_ENTRY: Duplicate entry 'email@gmail.com' for key 'user_doctor.email_UNIQUE'"
2021-05-15 13:30:11[app.js] info: "Database connection errror or Email already exits."
2021-05-15 13:30:11[app.js] warn: "No such user exist"
2021-05-15 13:30:11[app.js] info: "No such user exist"
2021-05-15 13:30:11[app.js] info: "login successfully"
2021-05-15 13:30:11[app.js] info: "login successfully"
2021-05-15 13:30:11[app.js] info: "user deleted successfully"
2021-05-15 13:30:11[app.js] info: "user deleted successfully"
2021-05-15 13:30:11[app.js] info: "Signup Successfully."
2021-05-15 13:30:11[app.js] info: "Signup Successfully."
2021-05-15 13:30:11[app.js] error: "ER_DUP_ENTRY: Duplicate entry 'email@gmail.com' for key 'user_patient.email_UNIQUE'"
2021-05-15 13:30:11[app.js] info: "Database connection errror or Email already exits."
2021-05-15 13:30:11[app.js] warn: "No such user exist"
2021-05-15 13:30:11[app.js] info: "No such user exist"
2021-05-15 13:30:11[app.js] info: "login successfully"
2021-05-15 13:30:11[app.js] info: "login successfully"
2021-05-15 13:30:11[app.js] info: "user deleted successfully"
2021-05-15 13:30:11[app.js] info: "user deleted successfully"
2021-05-15 13:37:38[app.js] info: "login successfully"
2021-05-15 13:45:23[app.js] info: "updated successfully"
2021-05-15 13:45:27[app.js] info: "updated successfully"
2021-05-15 13:47:12[app.js] info: "updated successfully"
2021-05-15 13:47:27[app.js] info: "updated successfully"
2021-05-15 13:47:31[app.js] info: "updated successfully"
2021-05-15 13:47:38[app.js] info: "updated successfully"
2021-05-15 13:47:50[app.js] info: "updated successfully"
2021-05-15 13:48:16[app.js] info: "updated successfully"
2021-05-15 13:48:25[app.js] info: "updated successfully"
2021-05-15 13:48:41[app.js] info: "login successfully"
2021-05-15 13:48:59[app.js] info: "updated successfully"
2021-05-15 13:49:16[app.js] info: "updated successfully"
2021-05-15 13:49:27[app.js] info: "updated successfully"
2021-05-15 13:49:46[app.js] info: "login successfully"
2021-05-15 13:50:00[app.js] warn: "Invalid email or password or role"
2021-05-15 13:50:08[app.js] info: "login successfully"
2021-05-15 13:50:15[app.js] info: "updated successfully"
2021-05-15 13:50:27[app.js] info: "login successfully"
2021-05-15 13:51:24[app.js] info: "updated successfully"
2021-05-15 13:52:12[app.js] info: "Signup Successfully."
2021-05-15 13:52:12[app.js] info: "Signup Successfully."
2021-05-15 13:52:12[app.js] error: "ER_DUP_ENTRY: Duplicate entry 'email@gmail.com' for key 'user_doctor.email_UNIQUE'"
2021-05-15 13:52:12[app.js] info: "Database connection errror or Email already exits."
2021-05-15 13:52:12[app.js] warn: "No such user exist"
2021-05-15 13:52:12[app.js] info: "No such user exist"
2021-05-15 13:52:12[app.js] info: "login successfully"
2021-05-15 13:52:12[app.js] info: "login successfully"
2021-05-15 13:52:12[app.js] info: "user deleted successfully"
2021-05-15 13:52:12[app.js] info: "user deleted successfully"
2021-05-15 13:52:12[app.js] info: "Signup Successfully."
2021-05-15 13:52:12[app.js] info: "Signup Successfully."
2021-05-15 13:52:12[app.js] error: "ER_DUP_ENTRY: Duplicate entry 'email@gmail.com' for key 'user_patient.email_UNIQUE'"
2021-05-15 13:52:12[app.js] info: "Database connection errror or Email already exits."
2021-05-15 13:52:12[app.js] warn: "No such user exist"
2021-05-15 13:52:12[app.js] info: "No such user exist"
2021-05-15 13:52:12[app.js] info: "login successfully"
2021-05-15 13:52:12[app.js] info: "login successfully"
2021-05-15 13:52:12[app.js] info: "user deleted successfully"
2021-05-15 13:52:12[app.js] info: "user deleted successfully"
2021-05-15 13:52:15[app.js] info: "Signup Successfully."
2021-05-15 13:52:15[app.js] info: "Signup Successfully."
2021-05-15 13:52:15[app.js] error: "ER_DUP_ENTRY: Duplicate entry 'email@gmail.com' for key 'user_doctor.email_UNIQUE'"
2021-05-15 13:52:15[app.js] info: "Database connection errror or Email already exits."
2021-05-15 13:52:15[app.js] warn: "No such user exist"
2021-05-15 13:52:15[app.js] info: "No such user exist"
2021-05-15 13:52:15[app.js] info: "login successfully"
2021-05-15 13:52:15[app.js] info: "login successfully"
2021-05-15 13:52:15[app.js] info: "user deleted successfully"
2021-05-15 13:52:15[app.js] info: "user deleted successfully"
2021-05-15 13:52:15[app.js] info: "Signup Successfully."
2021-05-15 13:52:15[app.js] info: "Signup Successfully."
2021-05-15 13:52:15[app.js] error: "ER_DUP_ENTRY: Duplicate entry 'email@gmail.com' for key 'user_patient.email_UNIQUE'"
2021-05-15 13:52:15[app.js] info: "Database connection errror or Email already exits."
2021-05-15 13:52:15[app.js] warn: "No such user exist"
2021-05-15 13:52:15[app.js] info: "No such user exist"
2021-05-15 13:52:15[app.js] info: "login successfully"
2021-05-15 13:52:15[app.js] info: "login successfully"
2021-05-15 13:52:15[app.js] info: "user deleted successfully"
2021-05-15 13:52:15[app.js] info: "user deleted successfully"
